
2025-02-09 20:39:48 - https, dodiesturp.lv, /quiz, username=jecis_&quizId=4
2025-02-09 20:39:48 - SELECT * FROM quizes WHERE 4 = ?
2025-02-09 20:39:50 - 1 is_correct
2025-02-09 20:39:51 - 1 is_correct
2025-02-09 20:40:05 - 1 is_correct
2025-02-09 20:40:15 - https, dodiesturp.lv, /quiz, username=jekabsporietis@gmail.com&quizId=4
2025-02-09 20:40:15 - SELECT * FROM quizes WHERE 4 = ?
2025-02-09 20:40:17 - 1 is_correct
2025-02-09 20:40:18 - 1 is_correct
2025-02-09 20:40:25 - 1 is_correct
2025-02-09 21:36:36 - https, dodiesturp.lv, /quiz, username=jekabsporietis@gmail.com&quizId=4
2025-02-09 21:36:36 - SELECT * FROM quizes WHERE 4 = ?
2025-02-09 21:36:37 - 1 is_correct
2025-02-09 21:36:39 - 1 is_correct
2025-02-09 21:36:41 - 1 is_correct
2025-02-09 21:36:46 - https, dodiesturp.lv, /quiz, username=jekabsporietis@gmail.com&quizId=5
2025-02-09 21:36:47 - SELECT * FROM quizes WHERE 5 = ?
2025-02-09 21:36:50 - 1 is_correct
2025-02-09 21:37:16 - https, dodiesturp.lv, /quiz, username=jekabsporietis@gmail.com&quizId=4
2025-02-09 21:37:16 - SELECT * FROM quizes WHERE 4 = ?
2025-02-09 21:37:22 - 1 is_correct
2025-02-09 21:37:24 - 1 is_correct
2025-02-09 21:37:27 - 1 is_correct
2025-02-09 21:38:04 - https, dodiesturp.lv, /quiz, username=hiiyooui&quizId=4
2025-02-09 21:38:04 - SELECT * FROM quizes WHERE 4 = ?
2025-02-09 21:38:06 - 1 is_correct
2025-02-09 21:38:07 - 1 is_correct
2025-02-09 21:38:09 - 1 is_correct
2025-02-09 21:38:32 - https, dodiesturp.lv, /quiz, username=hiiyooui&quizId=4
2025-02-09 21:38:32 - SELECT * FROM quizes WHERE 4 = ?
2025-02-09 21:38:35 - 1 is_correct
2025-02-09 21:38:37 - 1 is_correct
2025-02-09 21:38:38 - 1 is_correct
2025-02-09 21:48:24 - https, dodiesturp.lv, /quiz, username=hiiyooui&quizId=4
2025-02-09 21:48:25 - SELECT * FROM quizes WHERE 4 = ?
2025-02-09 21:48:27 - 1 is_correct
2025-02-09 21:48:29 - 1 is_correct
2025-02-09 23:40:11 - https, dodiesturp.lv, /quiz, username=zdxfghszdrfhsrfgdh&quizId=4
2025-02-09 23:40:11 - SELECT * FROM quizes WHERE 4 = ?
2025-02-09 23:40:36 - 1 is_correct
2025-02-09 23:40:40 - 1 is_correct
2025-02-09 23:40:48 - 1 is_correct
2025-02-09 23:40:54 - 1 is_correct
2025-02-09 23:54:11 - https, dodiesturp.lv, /quiz, username=zdxfghszdrfhsrfgdh&quizId=4
2025-02-09 23:54:11 - SELECT * FROM quizes WHERE 4 = ?
2025-02-09 23:54:29 - https, dodiesturp.lv, /quiz, username=asdfasdfg&quizId=5
2025-02-09 23:54:29 - SELECT * FROM quizes WHERE 5 = ?
2025-02-09 23:54:57 - https, dodiesturp.lv, /quiz, username=asdfasdfg&quizId=5
2025-02-09 23:54:57 - SELECT * FROM quizes WHERE 5 = ?
2025-02-09 23:55:00 - 1 is_correct
2025-02-09 23:56:05 - https, dodiesturp.lv, /quiz, username=asdfasdfg&quizId=5
2025-02-09 23:56:05 - SELECT * FROM quizes WHERE 5 = ?
2025-02-09 23:56:50 - https, dodiesturp.lv, /quiz, username=asdfasdfg&quizId=5
2025-02-09 23:56:51 - SELECT * FROM quizes WHERE 5 = ?
2025-02-09 23:58:39 - https, dodiesturp.lv, /quiz, username=asdfasdfg&quizId=5
2025-02-09 23:58:40 - SELECT * FROM quizes WHERE 5 = ?
2025-02-10 00:00:48 - https, dodiesturp.lv, /quiz, username=asdfasdfg&quizId=5
2025-02-10 00:00:48 - SELECT * FROM quizes WHERE 5 = ?
2025-02-10 00:04:32 - https, dodiesturp.lv, /quiz, username=asdfasdfg&quizId=5
2025-02-10 00:04:32 - SELECT * FROM quizes WHERE 5 = ?
2025-02-10 00:05:41 - https, dodiesturp.lv, /quiz, username=asdfasdfg&quizId=5
2025-02-10 00:05:41 - SELECT * FROM quizes WHERE 5 = ?
2025-02-10 00:05:46 - https, dodiesturp.lv, /quiz, 
2025-02-10 00:06:42 - https, dodiesturp.lv, /quiz, username=asdfasdfg&quizId=5
2025-02-10 00:06:42 - SELECT * FROM quizes WHERE 5 = ?
2025-02-10 00:06:47 - https, dodiesturp.lv, /quiz, 
2025-02-10 00:06:49 - https, dodiesturp.lv, /quiz, username=asdfasdfg&quizId=5
2025-02-10 00:06:49 - SELECT * FROM quizes WHERE 5 = ?
2025-02-10 00:06:50 - https, dodiesturp.lv, /quiz, username=asdfasdfg&quizId=5
2025-02-10 00:06:51 - SELECT * FROM quizes WHERE 5 = ?
2025-02-10 00:06:55 - https, dodiesturp.lv, /quiz, 
2025-02-10 00:08:54 - https, dodiesturp.lv, /quiz, username=asdfasdfg&quizId=5
2025-02-10 00:08:54 - SELECT * FROM quizes WHERE 5 = ?
2025-02-10 00:09:35 - https, dodiesturp.lv, /quiz, username=asdfasdfg&quizId=5
2025-02-10 00:09:35 - SELECT * FROM quizes WHERE 5 = ?
2025-02-10 00:09:39 - https, dodiesturp.lv, /quiz, 
2025-02-10 00:10:52 - https, dodiesturp.lv, /quiz, username=asdfasdfg&quizId=5
2025-02-10 00:10:53 - SELECT * FROM quizes WHERE 5 = ?
2025-02-10 00:10:54 - https, dodiesturp.lv, /quiz, username=asdfasdfg&quizId=5
2025-02-10 00:10:54 - SELECT * FROM quizes WHERE 5 = ?
2025-02-10 00:10:57 - https, dodiesturp.lv, /quiz, 
2025-02-10 00:12:53 - https, dodiesturp.lv, /quiz, username=asdfasdfg&quizId=5
2025-02-10 00:12:54 - SELECT * FROM quizes WHERE 5 = ?
2025-02-10 00:12:55 - https, dodiesturp.lv, /quiz, username=asdfasdfg&quizId=5
2025-02-10 00:12:55 - SELECT * FROM quizes WHERE 5 = ?
2025-02-10 00:12:59 - https, dodiesturp.lv, /quiz, 
2025-02-10 00:14:05 - https, dodiesturp.lv, /quiz, username=asdfasdfg&quizId=5
2025-02-10 00:14:05 - SELECT * FROM quizes WHERE 5 = ?
2025-02-10 00:14:07 - https, dodiesturp.lv, /quiz, username=asdfasdfg&quizId=5
2025-02-10 00:14:07 - SELECT * FROM quizes WHERE 5 = ?
2025-02-10 00:14:12 - https, dodiesturp.lv, /quiz, 
2025-02-10 00:14:44 - https, dodiesturp.lv, /quiz, username=asdfasdfg&quizId=5
2025-02-10 00:14:45 - SELECT * FROM quizes WHERE 5 = ?
2025-02-10 00:14:51 - https, dodiesturp.lv, /quiz, 
2025-02-10 00:18:56 - https, dodiesturp.lv, /quiz, username=asdfasdfg&quizId=5
2025-02-10 00:18:56 - SELECT * FROM quizes WHERE 5 = ?
2025-02-10 00:18:58 - https, dodiesturp.lv, /quiz, username=asdfasdfg&quizId=5
2025-02-10 00:18:58 - SELECT * FROM quizes WHERE 5 = ?
2025-02-10 00:19:00 - https, dodiesturp.lv, /quiz, 
2025-02-10 00:19:06 - https, dodiesturp.lv, /quiz, username=asdfasdfg&quizId=5
2025-02-10 00:19:07 - SELECT * FROM quizes WHERE 5 = ?
2025-02-10 00:20:33 - https, dodiesturp.lv, /quiz, username=asdfasdfg&quizId=5
2025-02-10 00:20:34 - SELECT * FROM quizes WHERE 5 = ?
2025-02-10 00:21:05 - https, dodiesturp.lv, /quiz, username=asdfasdfg&quizId=5
2025-02-10 00:21:05 - SELECT * FROM quizes WHERE 5 = ?
2025-02-10 00:21:07 - https, dodiesturp.lv, /quiz, username=asdfasdfg&quizId=5
2025-02-10 00:21:07 - SELECT * FROM quizes WHERE 5 = ?
2025-02-10 00:21:09 - 1 is_correct
2025-02-10 00:26:44 - https, dodiesturp.lv, /quiz, username=asdfasdfg&quizId=5
2025-02-10 00:26:44 - SELECT * FROM quizes WHERE 5 = ?
2025-02-10 00:26:51 - https, dodiesturp.lv, /result, username=asdfasdfg&quizId=5
2025-02-10 00:27:55 - https, dodiesturp.lv, /quiz, username=asdfasdfg&quizId=5
2025-02-10 00:27:56 - SELECT * FROM quizes WHERE 5 = ?
2025-02-10 00:28:03 - https, dodiesturp.lv, /quiz, username=segrWSZDFFGzsdfgh&quizId=4
2025-02-10 00:28:03 - SELECT * FROM quizes WHERE 4 = ?
2025-02-10 00:28:06 - 1 is_correct
2025-02-10 00:28:09 - 1 is_correct
2025-02-10 00:28:11 - https, dodiesturp.lv, /result, username=segrWSZDFFGzsdfgh&quizId=4
2025-02-10 00:30:14 - https, dodiesturp.lv, /quiz, username=segrWSZDFFGzsdfgh&quizId=4
2025-02-10 00:30:15 - SELECT * FROM quizes WHERE 4 = ?
2025-02-10 00:30:17 - https, dodiesturp.lv, /quiz, username=segrWSZDFFGzsdfghsdfrgha&quizId=4
2025-02-10 00:30:17 - SELECT * FROM quizes WHERE 4 = ?
2025-02-10 00:30:19 - 1 is_correct
2025-02-10 00:30:20 - 1 is_correct
2025-02-10 00:30:23 - 1 is_correct
2025-02-10 00:30:26 - 1 is_correct
2025-02-10 00:30:26 - https, dodiesturp.lv, /result, username=segrWSZDFFGzsdfghsdfrgha&quizId=4
2025-02-10 01:47:10 - https, dodiesturp.lv, /quiz, username=segrWSZDFFGzsdfghsdfrgha&quizId=4
2025-02-10 01:47:11 - SELECT * FROM quizes WHERE 4 = ?
2025-02-10 01:47:17 - https, dodiesturp.lv, /quiz, username=sdgf&quizId=4
2025-02-10 01:47:17 - SELECT * FROM quizes WHERE 4 = ?
2025-02-10 01:47:20 - 1 is_correct
2025-02-10 01:47:23 - 1 is_correct
2025-02-10 01:47:27 - 1 is_correct
2025-02-10 01:47:27 - https, dodiesturp.lv, /result, username=sdgf&quizId=4&questions=6
2025-02-10 01:48:24 - https, dodiesturp.lv, /result, username=sdgf&quizId=4&questions=6
2025-02-10 01:49:08 - https, dodiesturp.lv, /result, username=sdgf&quizId=4&questions=6
2025-02-10 01:49:57 - https, dodiesturp.lv, /result, username=sdgf&quizId=4&questions=6
2025-02-10 01:50:13 - https, dodiesturp.lv, /result, username=sdgf&quizId=4&questions=6
2025-02-10 01:51:13 - https, dodiesturp.lv, /result, username=sdgf&quizId=4&questions=6
2025-02-10 01:52:43 - https, dodiesturp.lv, /result, username=sdgf&quizId=4&questions=6
2025-02-10 01:52:43 - https, dodiesturp.lv, /result/get
2025-02-10 01:56:47 - https, dodiesturp.lv, /result, username=sdgf&quizId=4&questions=6
2025-02-10 01:56:51 - https, dodiesturp.lv, /result, username=sdgf&quizId=4&questions=6
2025-02-10 01:57:21 - https, dodiesturp.lv, /result, username=sdgf&quizId=4&questions=6
2025-02-10 01:58:48 - https, dodiesturp.lv, /result, username=sdgf&quizId=4&questions=6
2025-02-10 02:05:50 - https, dodiesturp.lv, /result, username=sdgf&quizId=4&questions=6
2025-02-10 02:09:25 - https, dodiesturp.lv, /result, username=sdgf&quizId=4&questions=6
2025-02-10 02:10:03 - https, dodiesturp.lv, /result, username=sdgf&quizId=4&questions=6
2025-02-10 02:10:40 - https, dodiesturp.lv, /result, username=sdgf&quizId=4&questions=6
2025-02-10 02:13:14 - https, dodiesturp.lv, /result, username=sdgf&quizId=4&questions=6
2025-02-10 02:13:19 - https, dodiesturp.lv, /result, username=sdgf&quizId=4&questions=6
2025-02-10 02:14:08 - https, dodiesturp.lv, /quiz, username=sdgf&quizId=4
2025-02-10 02:14:09 - SELECT * FROM quizes WHERE 4 = ?
2025-02-10 02:14:15 - https, dodiesturp.lv, /quiz, username=jecis@protonmail.com&quizId=4
2025-02-10 02:14:16 - SELECT * FROM quizes WHERE 4 = ?
2025-02-10 02:14:17 - 1 is_correct
2025-02-10 02:14:18 - 1 is_correct
2025-02-10 02:14:21 - 1 is_correct
2025-02-10 02:14:23 - 1 is_correct
2025-02-10 02:14:23 - https, dodiesturp.lv, /result, username=jecis@protonmail.com&quizId=4&questions=6
2025-02-10 02:14:29 - https, dodiesturp.lv, /quiz, username=jecis@protonmail.com&quizId=4
2025-02-10 02:14:30 - SELECT * FROM quizes WHERE 4 = ?
2025-02-10 02:14:33 - https, dodiesturp.lv, /quiz, username=jecis@protonmail.com&quizId=5
2025-02-10 02:14:34 - SELECT * FROM quizes WHERE 5 = ?
2025-02-10 02:14:37 - 1 is_correct
2025-02-10 02:14:40 - https, dodiesturp.lv, /result, username=jecis@protonmail.com&quizId=5&questions=2
2025-02-10 02:14:40 - 1 is_correct
2025-02-10 02:14:43 - https, dodiesturp.lv, /quiz, username=jecis@protonmail.com&quizId=5
2025-02-10 02:14:43 - SELECT * FROM quizes WHERE 5 = ?
2025-02-10 02:14:49 - https, dodiesturp.lv, /result, username=jecis@protonmail.com&quizId=5&questions=2
2025-02-10 02:14:51 - https, dodiesturp.lv, /quiz, username=jecis@protonmail.com&quizId=5
2025-02-10 02:14:52 - SELECT * FROM quizes WHERE 5 = ?
2025-02-10 02:14:56 - https, dodiesturp.lv, /quiz, username=jecis@protonmail.com&quizId=5
2025-02-10 02:14:57 - SELECT * FROM quizes WHERE 5 = ?
2025-02-10 02:15:03 - https, dodiesturp.lv, /result, username=jecis@protonmail.com&quizId=5&questions=2
2025-02-10 02:15:05 - https, dodiesturp.lv, /quiz, username=jecis@protonmail.com&quizId=5
2025-02-10 02:15:06 - SELECT * FROM quizes WHERE 5 = ?
2025-02-10 02:15:17 - https, dodiesturp.lv, /quiz, username=Jecis@protonmail.com&quizId=5
2025-02-10 02:15:17 - SELECT * FROM quizes WHERE 5 = ?
2025-02-10 02:15:20 - https, dodiesturp.lv, /result, username=Jecis@protonmail.com&quizId=5&questions=2
2025-02-10 02:15:24 - https, dodiesturp.lv, /quiz, username=Jecis@protonmail.com&quizId=5
2025-02-10 02:15:24 - SELECT * FROM quizes WHERE 5 = ?
2025-02-10 02:20:52 - https, dodiesturp.lv, /quiz, username=jecis_&quizId=4
2025-02-10 02:21:12 - https, dodiesturp.lv, /quiz, username=jecis_&quizId=4
2025-02-10 02:21:18 - SELECT * FROM quizes WHERE 4 = ?
2025-02-10 02:21:20 - 1 is_correct
2025-02-10 02:21:23 - 1 is_correct
2025-02-10 02:21:30 - https, dodiesturp.lv, /result, username=jecis_&quizId=4&questions=6
2025-02-10 02:21:48 - 1 is_correct
2025-02-10 02:21:51 - 1 is_correct
2025-02-10 02:22:00 - https, dodiesturp.lv, /quiz, username=jecis@pm.me&quizId=4
2025-02-10 02:22:04 - SELECT * FROM quizes WHERE 4 = ?
2025-02-10 02:22:06 - 1 is_correct
2025-02-10 02:22:09 - 1 is_correct
2025-02-10 02:22:14 - 1 is_correct
2025-02-10 02:22:18 - 1 is_correct
2025-02-10 02:22:19 - https, dodiesturp.lv, /result, username=jecis@pm.me&quizId=4&questions=6
2025-02-10 02:22:39 - https, dodiesturp.lv, /result, username=jecis@pm.me&quizId=4&questions=6
2025-02-10 02:25:18 - https, dodiesturp.lv, /quiz, username=jecis@pm.me&quizId=4
2025-02-10 02:25:18 - SELECT * FROM quizes WHERE 4 = ?
2025-02-10 02:27:56 - https, dodiesturp.lv, /quiz, username=jekabsporietis@gmail.com&quizId=4
2025-02-10 02:27:56 - SELECT * FROM quizes WHERE 4 = ?
2025-02-10 02:27:57 - 1 is_correct
2025-02-10 02:27:59 - 1 is_correct
2025-02-10 02:28:02 - 1 is_correct
2025-02-10 02:28:04 - 1 is_correct
2025-02-10 02:28:04 - https, dodiesturp.lv, /result, username=jekabsporietis@gmail.com&quizId=4&questions=6
2025-02-10 02:28:07 - https, dodiesturp.lv, /quiz, username=jekabsporietis@gmail.com&quizId=4
2025-02-10 02:28:07 - SELECT * FROM quizes WHERE 4 = ?
2025-02-10 02:28:17 - https, dodiesturp.lv, /quiz, username=admin@admin.com&quizId=4
2025-02-10 02:28:17 - SELECT * FROM quizes WHERE 4 = ?
2025-02-10 02:28:18 - 1 is_correct
2025-02-10 02:28:20 - 1 is_correct
2025-02-10 02:28:21 - 1 is_correct
2025-02-10 02:28:27 - 1 is_correct
2025-02-10 02:28:27 - https, dodiesturp.lv, /result, username=admin@admin.com&quizId=4&questions=6
2025-02-10 02:28:30 - https, dodiesturp.lv, /quiz, username=admin@admin.com&quizId=4
2025-02-10 02:28:31 - SELECT * FROM quizes WHERE 4 = ?
2025-02-10 02:28:37 - https, dodiesturp.lv, /quiz, username=viper270497@gmail.com&quizId=4
2025-02-10 02:28:37 - SELECT * FROM quizes WHERE 4 = ?
2025-02-10 02:28:46 - https, dodiesturp.lv, /result, username=viper270497@gmail.com&quizId=4&questions=6
2025-02-10 02:28:49 - https, dodiesturp.lv, /quiz, username=viper270497@gmail.com&quizId=4
2025-02-10 02:28:50 - SELECT * FROM quizes WHERE 4 = ?
2025-02-10 02:28:54 - https, dodiesturp.lv, /quiz, username=viper270497@gmail.com&quizId=5
2025-02-10 02:28:55 - SELECT * FROM quizes WHERE 5 = ?
2025-02-10 02:28:59 - 1 is_correct
2025-02-10 02:29:00 - https, dodiesturp.lv, /result, username=viper270497@gmail.com&quizId=5&questions=2
2025-02-10 02:29:19 - https, dodiesturp.lv, /quiz, username=viper270497@gmail.com&quizId=5
2025-02-10 02:29:20 - SELECT * FROM quizes WHERE 5 = ?
2025-02-10 03:24:15 - https, dodiesturp.lv, /, 
2025-02-10 03:25:43 - https, dodiesturp.lv, /quiz, username=jecis_&quizId=4
2025-02-10 03:25:43 - SELECT * FROM quizes WHERE 4 = ?
2025-02-10 03:25:47 - 1 is_correct
2025-02-10 03:25:49 - 1 is_correct
2025-02-10 03:25:55 - https, dodiesturp.lv, /quiz, username=jecis_&quizId=4
2025-02-10 03:25:55 - SELECT * FROM quizes WHERE 4 = ?
2025-02-10 03:28:08 - https, dodiesturp.lv, /quiz, username=asdgfasdfg&quizId=4
2025-02-10 03:28:08 - SELECT * FROM quizes WHERE 4 = ?
2025-02-10 03:28:13 - 1 is_correct
2025-02-10 04:01:04 - https, dodiesturp.lv, /quiz, username=jecis_&quizId=4
2025-02-10 04:01:04 - SELECT * FROM quizes WHERE 4 = ?
2025-02-10 04:01:07 - 1 is_correct
2025-02-10 04:01:08 - 1 is_correct
2025-02-10 04:01:08 - 1 is_correct
2025-02-10 04:01:12 - 1 is_correct
2025-02-10 04:02:30 - https, dodiesturp.lv, /quiz, username=jecis_&quizId=4
2025-02-10 04:02:30 - SELECT * FROM quizes WHERE 4 = ?
2025-02-10 04:02:34 - https, dodiesturp.lv, /quiz, username=jecis_&quizId=5
2025-02-10 04:02:34 - SELECT * FROM quizes WHERE 5 = ?
2025-02-10 04:02:38 - 1 is_correct
2025-02-10 04:02:40 - https, dodiesturp.lv, /quiz, username=jecis_&quizId=5
2025-02-10 04:02:40 - SELECT * FROM quizes WHERE 5 = ?
2025-02-10 04:02:45 - https, dodiesturp.lv, /quiz, username=jecis_&quizId=5
2025-02-10 04:02:45 - SELECT * FROM quizes WHERE 5 = ?
2025-02-10 04:02:52 - https, dodiesturp.lv, /quiz, username=jecis_&quizId=5
2025-02-10 04:02:53 - SELECT * FROM quizes WHERE 5 = ?
2025-02-10 04:02:56 - https, dodiesturp.lv, /quiz, username=jecis_&quizId=5
2025-02-10 04:02:56 - SELECT * FROM quizes WHERE 5 = ?
2025-02-10 04:02:57 - 1 is_correct
2025-02-10 04:03:00 - 1 is_correct
2025-02-10 04:03:24 - https, dodiesturp.lv, /quiz, username=jecis_&quizId=5
2025-02-10 04:03:24 - SELECT * FROM quizes WHERE 5 = ?
2025-02-10 04:03:28 - https, dodiesturp.lv, /quiz, username=asdgfasdfg&quizId=4
2025-02-10 04:03:28 - SELECT * FROM quizes WHERE 4 = ?
2025-02-10 04:03:32 - https, dodiesturp.lv, /quiz, username=asdgfasdfg&quizId=4
2025-02-10 04:03:32 - SELECT * FROM quizes WHERE 4 = ?
2025-02-10 04:03:34 - 1 is_correct
2025-02-10 04:03:35 - 1 is_correct
2025-02-10 04:03:38 - 1 is_correct
2025-02-10 04:03:41 - 1 is_correct
2025-02-10 04:03:43 - https, dodiesturp.lv, /quiz, username=asdgfasdfg&quizId=4
2025-02-10 04:03:43 - SELECT * FROM quizes WHERE 4 = ?
2025-02-10 04:03:47 - https, dodiesturp.lv, /quiz, username=asdgfasdfg&quizId=4
2025-02-10 04:03:47 - SELECT * FROM quizes WHERE 4 = ?
2025-02-10 04:03:48 - 1 is_correct
2025-02-10 04:03:50 - 1 is_correct
2025-02-10 04:03:53 - 1 is_correct
2025-02-10 04:03:57 - 1 is_correct
2025-02-10 04:05:06 - https, dodiesturp.lv, /quiz, username=asdgfasdfg&quizId=4
2025-02-10 04:05:44 - https, dodiesturp.lv, /quiz, username=asdgfasdfg&quizId=4
2025-02-10 04:05:45 - SELECT * FROM quizes WHERE 4 = ?
2025-02-10 04:05:49 - https, dodiesturp.lv, /quiz, username=asdgfasdfg&quizId=4
2025-02-10 04:05:49 - SELECT * FROM quizes WHERE 4 = ?
2025-02-10 04:05:48 - 1 is_correct
2025-02-10 04:05:50 - 1 is_correct
2025-02-10 04:05:53 - 1 is_correct
2025-02-10 04:06:00 - 1 is_correct
2025-02-10 04:06:02 - https, dodiesturp.lv, /quiz, username=asdgfasdfg&quizId=4
2025-02-10 04:06:02 - SELECT * FROM quizes WHERE 4 = ?
2025-02-10 04:06:06 - https, dodiesturp.lv, /quiz, username=asdgfasdfg&quizId=4
2025-02-10 04:06:06 - SELECT * FROM quizes WHERE 4 = ?
2025-02-10 04:06:17 - https, dodiesturp.lv, /quiz, username=asdgfasdfg&quizId=4
2025-02-10 04:06:18 - SELECT * FROM quizes WHERE 4 = ?
2025-02-13 23:15:38 - https, dodiesturp.lv, /quiz, username=jecis_&quizId=4
2025-02-13 23:15:38 - SELECT * FROM quizes WHERE 4 = ?
2025-02-13 23:15:41 - 1 is_correct
2025-02-13 23:15:44 - 1 is_correct
2025-02-13 23:15:49 - 1 is_correct
2025-02-13 23:21:07 - https, dodiesturp.lv, /quiz, username=jecis_&quizId=4
2025-02-13 23:21:07 - SELECT * FROM quizes WHERE 4 = ?
2025-02-13 23:21:10 - https, dodiesturp.lv, /quiz, username=jecis_&quizId=5
2025-02-13 23:21:10 - SELECT * FROM quizes WHERE 5 = ?
2025-02-13 23:21:17 - https, dodiesturp.lv, /quiz, username=jecis_&quizId=5
2025-02-13 23:21:17 - SELECT * FROM quizes WHERE 5 = ?
2025-02-13 23:26:47 - https, dodiesturp.lv, /quiz, username=jecis@pm.me&quizId=5
2025-02-13 23:26:47 - SELECT * FROM quizes WHERE 5 = ?
2025-02-13 23:26:52 - 1 is_correct
2025-02-13 23:26:54 - https, dodiesturp.lv, /quiz, username=jecis@pm.me&quizId=5
2025-02-13 23:26:54 - SELECT * FROM quizes WHERE 5 = ?
2025-02-13 23:26:57 - https, dodiesturp.lv, /quiz, username=jecis@pm.me&quizId=5
2025-02-13 23:26:57 - SELECT * FROM quizes WHERE 5 = ?
2025-02-13 23:27:01 - 1 is_correct
2025-02-13 23:27:02 - https, dodiesturp.lv, /quiz, username=jecis@pm.me&quizId=5
2025-02-13 23:27:02 - SELECT * FROM quizes WHERE 5 = ?
2025-02-13 23:27:06 - https, dodiesturp.lv, /quiz, username=jecis@pm.me&quizId=5
2025-02-13 23:27:06 - SELECT * FROM quizes WHERE 5 = ?
2025-02-13 23:27:11 - 1 is_correct
2025-02-13 23:27:12 - https, dodiesturp.lv, /quiz, username=jecis@pm.me&quizId=5
2025-02-13 23:27:12 - SELECT * FROM quizes WHERE 5 = ?
2025-02-13 23:27:14 - https, dodiesturp.lv, /quiz, username=jecis@pm.me&quizId=4
2025-02-13 23:27:15 - SELECT * FROM quizes WHERE 4 = ?
2025-02-13 23:27:18 - 1 is_correct
2025-02-13 23:27:22 - 1 is_correct
2025-02-13 23:27:25 - 1 is_correct
2025-02-13 23:27:27 - https, dodiesturp.lv, /quiz, username=jecis@pm.me&quizId=4
2025-02-13 23:27:27 - SELECT * FROM quizes WHERE 4 = ?
2025-02-17 18:49:51 - Route not found: "/favicon.ico/"
2025-02-17 18:49:51 - #0 /var/www/vendor/pecee/simple-router/src/Pecee/SimpleRouter/Router.php(353): Pecee\SimpleRouter\Router->routeRequest()
#1 /var/www/vendor/pecee/simple-router/src/Pecee/SimpleRouter/SimpleRouter.php(69): Pecee\SimpleRouter\Router->start()
#2 /var/www/index.php(21): Pecee\SimpleRouter\SimpleRouter::start()
#3 {main}
2025-02-17 18:49:54 - https, dodiesturp.lv, /quiz, username=jecis_&quizId=4
2025-02-17 18:49:54 - Route not found: "/favicon.ico/"
2025-02-17 18:49:54 - #0 /var/www/vendor/pecee/simple-router/src/Pecee/SimpleRouter/Router.php(353): Pecee\SimpleRouter\Router->routeRequest()
#1 /var/www/vendor/pecee/simple-router/src/Pecee/SimpleRouter/SimpleRouter.php(69): Pecee\SimpleRouter\Router->start()
#2 /var/www/index.php(21): Pecee\SimpleRouter\SimpleRouter::start()
#3 {main}
2025-02-17 18:50:04 - https, dodiesturp.lv, /quiz, username=jecis_&quizId=4
2025-02-17 18:50:04 - Route not found: "/favicon.ico/"
2025-02-17 18:50:04 - #0 /var/www/vendor/pecee/simple-router/src/Pecee/SimpleRouter/Router.php(353): Pecee\SimpleRouter\Router->routeRequest()
#1 /var/www/vendor/pecee/simple-router/src/Pecee/SimpleRouter/SimpleRouter.php(69): Pecee\SimpleRouter\Router->start()
#2 /var/www/index.php(21): Pecee\SimpleRouter\SimpleRouter::start()
#3 {main}
2025-02-17 18:50:50 - https, dodiesturp.lv, /quiz, username=jecis_&quizId=4
2025-02-17 18:50:51 - SELECT * FROM quizes WHERE 4 = ?
2025-02-17 18:50:51 - Route not found: "/favicon.ico/"
2025-02-17 18:50:51 - #0 /var/www/vendor/pecee/simple-router/src/Pecee/SimpleRouter/Router.php(353): Pecee\SimpleRouter\Router->routeRequest()
#1 /var/www/vendor/pecee/simple-router/src/Pecee/SimpleRouter/SimpleRouter.php(69): Pecee\SimpleRouter\Router->start()
#2 /var/www/index.php(21): Pecee\SimpleRouter\SimpleRouter::start()
#3 {main}
2025-02-17 18:50:56 - 1 is_correct
2025-02-17 18:50:57 - 1 is_correct
2025-02-17 18:51:00 - 1 is_correct
2025-02-17 18:51:04 - 1 is_correct
2025-02-17 18:51:04 - Route not found: "/favicon.ico/"
2025-02-17 18:51:04 - #0 /var/www/vendor/pecee/simple-router/src/Pecee/SimpleRouter/Router.php(353): Pecee\SimpleRouter\Router->routeRequest()
#1 /var/www/vendor/pecee/simple-router/src/Pecee/SimpleRouter/SimpleRouter.php(69): Pecee\SimpleRouter\Router->start()
#2 /var/www/index.php(21): Pecee\SimpleRouter\SimpleRouter::start()
#3 {main}
2025-02-17 18:54:47 - https, dodiesturp.lv, /quiz, username=jecis_&quizId=4
2025-02-17 18:54:48 - SELECT * FROM quizes WHERE 4 = ?
2025-02-17 18:54:48 - Route not found: "/favicon.ico/"
2025-02-17 18:54:48 - #0 /var/www/vendor/pecee/simple-router/src/Pecee/SimpleRouter/Router.php(353): Pecee\SimpleRouter\Router->routeRequest()
#1 /var/www/vendor/pecee/simple-router/src/Pecee/SimpleRouter/SimpleRouter.php(69): Pecee\SimpleRouter\Router->start()
#2 /var/www/index.php(21): Pecee\SimpleRouter\SimpleRouter::start()
#3 {main}
2025-02-17 18:54:49 - https, dodiesturp.lv, /quiz, username=jecis_&quizId=4
2025-02-17 18:54:49 - SELECT * FROM quizes WHERE 4 = ?
2025-02-17 18:54:49 - Route not found: "/favicon.ico/"
2025-02-17 18:54:49 - #0 /var/www/vendor/pecee/simple-router/src/Pecee/SimpleRouter/Router.php(353): Pecee\SimpleRouter\Router->routeRequest()
#1 /var/www/vendor/pecee/simple-router/src/Pecee/SimpleRouter/SimpleRouter.php(69): Pecee\SimpleRouter\Router->start()
#2 /var/www/index.php(21): Pecee\SimpleRouter\SimpleRouter::start()
#3 {main}
2025-02-17 18:54:50 - https, dodiesturp.lv, /quiz, username=jecis_&quizId=4
2025-02-17 18:54:50 - SELECT * FROM quizes WHERE 4 = ?
2025-02-17 18:54:50 - Route not found: "/favicon.ico/"
2025-02-17 18:54:50 - #0 /var/www/vendor/pecee/simple-router/src/Pecee/SimpleRouter/Router.php(353): Pecee\SimpleRouter\Router->routeRequest()
#1 /var/www/vendor/pecee/simple-router/src/Pecee/SimpleRouter/SimpleRouter.php(69): Pecee\SimpleRouter\Router->start()
#2 /var/www/index.php(21): Pecee\SimpleRouter\SimpleRouter::start()
#3 {main}
2025-02-17 18:58:26 - https, dodiesturp.lv, /quiz, username=jecis_&quizId=4
2025-02-17 18:58:26 - Route not found: "/favicon.ico/"
2025-02-17 18:58:26 - #0 /var/www/vendor/pecee/simple-router/src/Pecee/SimpleRouter/Router.php(353): Pecee\SimpleRouter\Router->routeRequest()
#1 /var/www/vendor/pecee/simple-router/src/Pecee/SimpleRouter/SimpleRouter.php(69): Pecee\SimpleRouter\Router->start()
#2 /var/www/index.php(21): Pecee\SimpleRouter\SimpleRouter::start()
#3 {main}
2025-02-17 18:59:26 - https, dodiesturp.lv, /quiz, username=jecis_&quizId=4
2025-02-17 18:59:26 - Route not found: "/favicon.ico/"
2025-02-17 18:59:26 - #0 /var/www/vendor/pecee/simple-router/src/Pecee/SimpleRouter/Router.php(353): Pecee\SimpleRouter\Router->routeRequest()
#1 /var/www/vendor/pecee/simple-router/src/Pecee/SimpleRouter/SimpleRouter.php(69): Pecee\SimpleRouter\Router->start()
#2 /var/www/index.php(21): Pecee\SimpleRouter\SimpleRouter::start()
#3 {main}
2025-02-17 19:00:50 - https, dodiesturp.lv, /quiz, username=jecis_&quizId=4
2025-02-17 19:00:50 - SELECT * FROM quizes WHERE 4 = ?
2025-02-17 19:00:50 - Route not found: "/favicon.ico/"
2025-02-17 19:00:50 - #0 /var/www/vendor/pecee/simple-router/src/Pecee/SimpleRouter/Router.php(353): Pecee\SimpleRouter\Router->routeRequest()
#1 /var/www/vendor/pecee/simple-router/src/Pecee/SimpleRouter/SimpleRouter.php(69): Pecee\SimpleRouter\Router->start()
#2 /var/www/index.php(21): Pecee\SimpleRouter\SimpleRouter::start()
#3 {main}
2025-02-17 19:03:30 - 1 is_correct
2025-02-17 19:03:31 - 1 is_correct
2025-02-17 19:03:34 - 1 is_correct
2025-02-17 19:03:38 - Route not found: "/favicon.ico/"
2025-02-17 19:03:38 - #0 /var/www/vendor/pecee/simple-router/src/Pecee/SimpleRouter/Router.php(353): Pecee\SimpleRouter\Router->routeRequest()
#1 /var/www/vendor/pecee/simple-router/src/Pecee/SimpleRouter/SimpleRouter.php(69): Pecee\SimpleRouter\Router->start()
#2 /var/www/index.php(21): Pecee\SimpleRouter\SimpleRouter::start()
#3 {main}
2025-02-17 19:03:40 - https, dodiesturp.lv, /quiz, username=jecis_&quizId=4
2025-02-17 19:03:40 - SELECT * FROM quizes WHERE 4 = ?
2025-02-17 19:03:40 - Route not found: "/favicon.ico/"
2025-02-17 19:03:40 - #0 /var/www/vendor/pecee/simple-router/src/Pecee/SimpleRouter/Router.php(353): Pecee\SimpleRouter\Router->routeRequest()
#1 /var/www/vendor/pecee/simple-router/src/Pecee/SimpleRouter/SimpleRouter.php(69): Pecee\SimpleRouter\Router->start()
#2 /var/www/index.php(21): Pecee\SimpleRouter\SimpleRouter::start()
#3 {main}
2025-02-17 19:03:41 - Route not found: "/favicon.ico/"
2025-02-17 19:03:41 - #0 /var/www/vendor/pecee/simple-router/src/Pecee/SimpleRouter/Router.php(353): Pecee\SimpleRouter\Router->routeRequest()
#1 /var/www/vendor/pecee/simple-router/src/Pecee/SimpleRouter/SimpleRouter.php(69): Pecee\SimpleRouter\Router->start()
#2 /var/www/index.php(21): Pecee\SimpleRouter\SimpleRouter::start()
#3 {main}
2025-02-17 19:03:47 - https, dodiesturp.lv, /quiz, username=jecis@protonmail.com&quizId=4
2025-02-17 19:03:47 - SELECT * FROM quizes WHERE 4 = ?
2025-02-17 19:03:48 - Route not found: "/favicon.ico/"
2025-02-17 19:03:48 - #0 /var/www/vendor/pecee/simple-router/src/Pecee/SimpleRouter/Router.php(353): Pecee\SimpleRouter\Router->routeRequest()
#1 /var/www/vendor/pecee/simple-router/src/Pecee/SimpleRouter/SimpleRouter.php(69): Pecee\SimpleRouter\Router->start()
#2 /var/www/index.php(21): Pecee\SimpleRouter\SimpleRouter::start()
#3 {main}
2025-02-17 19:03:49 - 1 is_correct
2025-02-17 19:03:50 - 1 is_correct
2025-02-17 19:03:53 - 1 is_correct
2025-02-17 19:03:58 - 1 is_correct
2025-02-17 19:03:59 - Route not found: "/favicon.ico/"
2025-02-17 19:03:59 - #0 /var/www/vendor/pecee/simple-router/src/Pecee/SimpleRouter/Router.php(353): Pecee\SimpleRouter\Router->routeRequest()
#1 /var/www/vendor/pecee/simple-router/src/Pecee/SimpleRouter/SimpleRouter.php(69): Pecee\SimpleRouter\Router->start()
#2 /var/www/index.php(21): Pecee\SimpleRouter\SimpleRouter::start()
#3 {main}
2025-02-17 19:04:00 - https, dodiesturp.lv, /quiz, username=jecis@protonmail.com&quizId=4
2025-02-17 19:04:00 - SELECT * FROM quizes WHERE 4 = ?
2025-02-17 19:04:00 - Route not found: "/favicon.ico/"
2025-02-17 19:04:00 - #0 /var/www/vendor/pecee/simple-router/src/Pecee/SimpleRouter/Router.php(353): Pecee\SimpleRouter\Router->routeRequest()
#1 /var/www/vendor/pecee/simple-router/src/Pecee/SimpleRouter/SimpleRouter.php(69): Pecee\SimpleRouter\Router->start()
#2 /var/www/index.php(21): Pecee\SimpleRouter\SimpleRouter::start()
#3 {main}
2025-02-17 19:04:01 - Route not found: "/favicon.ico/"
2025-02-17 19:04:01 - #0 /var/www/vendor/pecee/simple-router/src/Pecee/SimpleRouter/Router.php(353): Pecee\SimpleRouter\Router->routeRequest()
#1 /var/www/vendor/pecee/simple-router/src/Pecee/SimpleRouter/SimpleRouter.php(69): Pecee\SimpleRouter\Router->start()
#2 /var/www/index.php(21): Pecee\SimpleRouter\SimpleRouter::start()
#3 {main}
